<?xml version="1.0" encoding="UTF-8"?>
<testsuite name="ece448.iot_sim.HTTPCommandsTests" tests="7" skipped="0" failures="0" errors="0" timestamp="2024-03-09T02:17:07" hostname="MSI" time="2.201">
  <properties/>
  <testcase name="testOff" classname="ece448.iot_sim.HTTPCommandsTests" time="0.318"/>
  <testcase name="testON" classname="ece448.iot_sim.HTTPCommandsTests" time="0.316"/>
  <testcase name="testNullAction" classname="ece448.iot_sim.HTTPCommandsTests" time="0.312"/>
  <testcase name="testRootDir" classname="ece448.iot_sim.HTTPCommandsTests" time="0.311"/>
  <testcase name="testActionNoExist" classname="ece448.iot_sim.HTTPCommandsTests" time="0.315"/>
  <testcase name="testNoPLug" classname="ece448.iot_sim.HTTPCommandsTests" time="0.313"/>
  <testcase name="testToggel" classname="ece448.iot_sim.HTTPCommandsTests" time="0.314"/>
  <system-out><![CDATA[2024-03-08 20:17:07,824 INFO Plug a: state off
2024-03-08 20:17:07,826 INFO Plug a: state on
2024-03-08 20:17:07,828 INFO HTTPCmd /a: {action=off}
2024-03-08 20:17:07,829 INFO Plug a: state off
2024-03-08 20:17:08,142 INFO Plug a: state off
2024-03-08 20:17:08,144 INFO Plug a: state off
2024-03-08 20:17:08,145 INFO HTTPCmd /a: {action=on}
2024-03-08 20:17:08,146 INFO Plug a: state on
2024-03-08 20:17:08,457 INFO Plug a: state off
2024-03-08 20:17:08,459 INFO HTTPCmd /a: {xx=xx}
2024-03-08 20:17:08,770 INFO Plug a: state off
2024-03-08 20:17:08,771 INFO HTTPCmd /: {xx=xx}
2024-03-08 20:17:09,083 INFO Plug a: state off
2024-03-08 20:17:09,085 INFO HTTPCmd /a: {action=xx}
2024-03-08 20:17:09,398 INFO Plug a: state off
2024-03-08 20:17:09,400 INFO HTTPCmd /pepepe: {action=toggle}
2024-03-08 20:17:09,710 INFO Plug a: state off
2024-03-08 20:17:09,712 INFO Plug a: state on
2024-03-08 20:17:09,713 INFO HTTPCmd /a: {action=toggle}
2024-03-08 20:17:09,714 INFO Plug a: state off
]]></system-out>
  <system-err><![CDATA[]]></system-err>
</testsuite>
