<?xml version="1.0" encoding="UTF-8"?>
<testsuite name="ece448.iot_sim.MqttCommandsTests" tests="4" skipped="0" failures="0" errors="0" timestamp="2024-04-08T01:41:56" hostname="MSI" time="0.052">
  <properties/>
  <testcase name="testOff" classname="ece448.iot_sim.MqttCommandsTests" time="0.049"/>
  <testcase name="testTopic" classname="ece448.iot_sim.MqttCommandsTests" time="0.001"/>
  <testcase name="testOn" classname="ece448.iot_sim.MqttCommandsTests" time="0.001"/>
  <testcase name="testToggle" classname="ece448.iot_sim.MqttCommandsTests" time="0.001"/>
  <system-out><![CDATA[2024-04-07 20:41:56,634 INFO Plug a: state off
2024-04-07 20:41:56,636 INFO Plug a: state on
2024-04-07 20:41:56,682 INFO MqttCmd sdfasf/a/off 
2024-04-07 20:41:56,682 INFO MqttCmd off a
2024-04-07 20:41:56,682 INFO Plug a: state off
2024-04-07 20:41:56,683 INFO Plug a: state off
2024-04-07 20:41:56,684 INFO Plug a: state off
2024-04-07 20:41:56,684 INFO Plug a: state off
2024-04-07 20:41:56,684 INFO MqttCmd sdfasf/a/on 
2024-04-07 20:41:56,684 INFO MqttCmd on a
2024-04-07 20:41:56,684 INFO Plug a: state on
2024-04-07 20:41:56,685 INFO Plug a: state off
2024-04-07 20:41:56,685 INFO Plug a: state on
2024-04-07 20:41:56,685 INFO MqttCmd sdfasf/a/toggle 
2024-04-07 20:41:56,685 INFO MqttCmd toggle a
2024-04-07 20:41:56,686 INFO Plug a: state off
]]></system-out>
  <system-err><![CDATA[]]></system-err>
</testsuite>
