<?xml version="1.0" encoding="UTF-8"?>
<testsuite name="ece448.iot_sim.PlugSimTests" tests="7" skipped="0" failures="0" errors="0" timestamp="2024-03-31T22:55:15" hostname="MSI" time="0.484">
  <properties/>
  <testcase name="testSwitchOff" classname="ece448.iot_sim.PlugSimTests" time="0.467"/>
  <testcase name="testUpdatePower" classname="ece448.iot_sim.PlugSimTests" time="0.004"/>
  <testcase name="testInit" classname="ece448.iot_sim.PlugSimTests" time="0.0"/>
  <testcase name="testGetName" classname="ece448.iot_sim.PlugSimTests" time="0.0"/>
  <testcase name="testMesurePower" classname="ece448.iot_sim.PlugSimTests" time="0.009"/>
  <testcase name="testSwitchOn" classname="ece448.iot_sim.PlugSimTests" time="0.001"/>
  <testcase name="testToggle" classname="ece448.iot_sim.PlugSimTests" time="0.001"/>
  <system-out><![CDATA[

2024-03-31 17:55:15,628 INFO Plug a: state on

2024-03-31 17:55:15,633 INFO Plug a: state off



2024-03-31 17:55:15,636 INFO Plug a: power 3.0

2024-03-31 17:55:15,638 INFO Plug a: power 5.0







2024-03-31 17:55:15,641 INFO Plug a.1: state on


2024-03-31 17:55:15,642 INFO Plug a.1: power 99.0

2024-03-31 17:55:15,643 INFO Plug a.1: power 1.0

2024-03-31 17:55:15,643 INFO Plug a: state off

2024-03-31 17:55:15,644 INFO Plug a: power 1.0

2024-03-31 17:55:15,644 INFO Plug a: power 0.0

2024-03-31 17:55:15,645 INFO Plug a: state on

2024-03-31 17:55:15,645 INFO Plug a: power 1.0

2024-03-31 17:55:15,646 INFO Plug a: power 74.08781907032909

2024-03-31 17:55:15,646 INFO Plug a: state on

2024-03-31 17:55:15,647 INFO Plug a: power 400.0

2024-03-31 17:55:15,647 INFO Plug a: power 358.9919188507798

2024-03-31 17:55:15,648 INFO Plug a: state on

2024-03-31 17:55:15,649 INFO Plug a: power 200.0

2024-03-31 17:55:15,649 INFO Plug a: power 188.30859365238868



2024-03-31 17:55:15,650 INFO Plug a: state on



2024-03-31 17:55:15,651 INFO Plug a: state on

2024-03-31 17:55:15,652 INFO Plug a: state off

]]></system-out>
  <system-err><![CDATA[]]></system-err>
</testsuite>
