<?xml version="1.0" encoding="UTF-8"?>
<testsuite name="ece448.iot_sim.MqttUpdatesTests" tests="2" skipped="0" failures="0" errors="0" timestamp="2024-04-08T01:41:56" hostname="MSI" time="0.001">
  <properties/>
  <testcase name="testGetTopic" classname="ece448.iot_sim.MqttUpdatesTests" time="0.0"/>
  <testcase name="getMessage" classname="ece448.iot_sim.MqttUpdatesTests" time="0.001"/>
  <system-out><![CDATA[]]></system-out>
  <system-err><![CDATA[]]></system-err>
</testsuite>
