<?xml version="1.0" encoding="UTF-8"?>
<testsuite name="ece448.iot_hub.PlugStatesTest" tests="5" skipped="0" failures="0" errors="0" timestamp="2024-05-01T22:24:40" hostname="MSI" time="0.015">
  <properties/>
  <testcase name="testUpdatePower" classname="ece448.iot_hub.PlugStatesTest" time="0.002"/>
  <testcase name="testUpdateState" classname="ece448.iot_hub.PlugStatesTest" time="0.002"/>
  <testcase name="testGetPlugJSON" classname="ece448.iot_hub.PlugStatesTest" time="0.004"/>
  <testcase name="testRemovePlug" classname="ece448.iot_hub.PlugStatesTest" time="0.001"/>
  <testcase name="testGetAllPlugsJSON" classname="ece448.iot_hub.PlugStatesTest" time="0.003"/>
  <system-out><![CDATA[2024-05-01 17:24:40,280 INFO POWER CALLED
2024-05-01 17:24:40,282 INFO STATE CALLED
2024-05-01 17:24:40,285 INFO STATE CALLED
2024-05-01 17:24:40,287 INFO POWER CALLED
2024-05-01 17:24:40,290 INFO STATE CALLED
2024-05-01 17:24:40,292 INFO STATE CALLED
2024-05-01 17:24:40,293 INFO POWER CALLED
2024-05-01 17:24:40,294 INFO STATE CALLED
2024-05-01 17:24:40,294 INFO POWER CALLED
]]></system-out>
  <system-err><![CDATA[]]></system-err>
</testsuite>
