<?xml version="1.0" encoding="UTF-8"?>
<testsuite name="ece448.iot_hub.GroupsModelTest" tests="4" skipped="0" failures="0" errors="0" timestamp="2024-04-08T01:41:56" hostname="MSI" time="0.001">
  <properties/>
  <testcase name="testSetGroupMembers" classname="ece448.iot_hub.GroupsModelTest" time="0.0"/>
  <testcase name="testRemoveGroup" classname="ece448.iot_hub.GroupsModelTest" time="0.001"/>
  <testcase name="testGetGroups" classname="ece448.iot_hub.GroupsModelTest" time="0.0"/>
  <testcase name="testGetGroupMembers" classname="ece448.iot_hub.GroupsModelTest" time="0.0"/>
  <system-out><![CDATA[]]></system-out>
  <system-err><![CDATA[]]></system-err>
</testsuite>
