<?xml version="1.0" encoding="UTF-8"?>
<testsuite name="ece448.iot_sim.HTTPCommandsTests" tests="7" skipped="0" failures="0" errors="0" timestamp="2024-02-17T17:50:58" hostname="MSI" time="0.009">
  <properties/>
  <testcase name="testOff" classname="ece448.iot_sim.HTTPCommandsTests" time="0.002"/>
  <testcase name="testON" classname="ece448.iot_sim.HTTPCommandsTests" time="0.002"/>
  <testcase name="testNullAction" classname="ece448.iot_sim.HTTPCommandsTests" time="0.001"/>
  <testcase name="testRootDir" classname="ece448.iot_sim.HTTPCommandsTests" time="0.001"/>
  <testcase name="testActionNoExist" classname="ece448.iot_sim.HTTPCommandsTests" time="0.001"/>
  <testcase name="testNoPLug" classname="ece448.iot_sim.HTTPCommandsTests" time="0.0"/>
  <testcase name="testToggel" classname="ece448.iot_sim.HTTPCommandsTests" time="0.002"/>
  <system-out><![CDATA[2024-02-17 11:50:58,662 INFO HTTPCmd /a: {action=off}
2024-02-17 11:50:58,664 INFO HTTPCmd /a: {action=on}
2024-02-17 11:50:58,665 INFO HTTPCmd /a: {xx=xx}
2024-02-17 11:50:58,667 INFO HTTPCmd /: {xx=xx}
2024-02-17 11:50:58,668 INFO HTTPCmd /a: {action=xx}
2024-02-17 11:50:58,668 INFO HTTPCmd /pepepe: {action=toggle}
2024-02-17 11:50:58,669 INFO HTTPCmd /a: {action=toggle}
]]></system-out>
  <system-err><![CDATA[]]></system-err>
</testsuite>
