<?xml version="1.0" encoding="UTF-8"?>
<testsuite name="ece448.iot_sim.PlugSimTests" tests="7" skipped="0" failures="0" errors="0" timestamp="2024-03-09T03:50:03" hostname="MSI" time="3.144">
  <properties/>
  <testcase name="testSwitchOff" classname="ece448.iot_sim.PlugSimTests" time="0.989"/>
  <testcase name="testUpdatePower" classname="ece448.iot_sim.PlugSimTests" time="0.309"/>
  <testcase name="testInit" classname="ece448.iot_sim.PlugSimTests" time="0.305"/>
  <testcase name="testGetName" classname="ece448.iot_sim.PlugSimTests" time="0.305"/>
  <testcase name="testMesurePower" classname="ece448.iot_sim.PlugSimTests" time="0.617"/>
  <testcase name="testSwitchOn" classname="ece448.iot_sim.PlugSimTests" time="0.306"/>
  <testcase name="testToggle" classname="ece448.iot_sim.PlugSimTests" time="0.313"/>
  <system-out><![CDATA[

2024-03-08 21:50:04,289 INFO Plug a: state on

2024-03-08 21:50:04,296 INFO Plug a: state off



2024-03-08 21:50:04,603 INFO Plug a: power 3.0

2024-03-08 21:50:04,605 INFO Plug a: power 5.0







2024-03-08 21:50:05,823 INFO Plug a.1: state on


2024-03-08 21:50:05,825 INFO Plug a.1: power 99.0

2024-03-08 21:50:05,826 INFO Plug a.1: power 1.0

2024-03-08 21:50:05,826 INFO Plug a: state off

2024-03-08 21:50:05,827 INFO Plug a: power 1.0

2024-03-08 21:50:05,828 INFO Plug a: power 0.0

2024-03-08 21:50:05,828 INFO Plug a: state on

2024-03-08 21:50:05,829 INFO Plug a: power 1.0

2024-03-08 21:50:05,829 INFO Plug a: power 74.08781907032909

2024-03-08 21:50:05,830 INFO Plug a: state on

2024-03-08 21:50:05,831 INFO Plug a: power 400.0

2024-03-08 21:50:05,831 INFO Plug a: power 358.9919188507798

2024-03-08 21:50:05,832 INFO Plug a: state on

2024-03-08 21:50:05,832 INFO Plug a: power 200.0

2024-03-08 21:50:05,833 INFO Plug a: power 188.30859365238868



2024-03-08 21:50:06,138 INFO Plug a: state on



2024-03-08 21:50:06,450 INFO Plug a: state on

2024-03-08 21:50:06,451 INFO Plug a: state off

]]></system-out>
  <system-err><![CDATA[]]></system-err>
</testsuite>
