<?xml version="1.0" encoding="UTF-8"?>
<testsuite name="ece448.iot_sim.HTTPCommandsTests" tests="7" skipped="0" failures="0" errors="0" timestamp="2024-02-17T18:03:56" hostname="MSI" time="0.009">
  <properties/>
  <testcase name="testOff" classname="ece448.iot_sim.HTTPCommandsTests" time="0.002"/>
  <testcase name="testON" classname="ece448.iot_sim.HTTPCommandsTests" time="0.001"/>
  <testcase name="testNullAction" classname="ece448.iot_sim.HTTPCommandsTests" time="0.002"/>
  <testcase name="testRootDir" classname="ece448.iot_sim.HTTPCommandsTests" time="0.001"/>
  <testcase name="testActionNoExist" classname="ece448.iot_sim.HTTPCommandsTests" time="0.001"/>
  <testcase name="testNoPLug" classname="ece448.iot_sim.HTTPCommandsTests" time="0.001"/>
  <testcase name="testToggel" classname="ece448.iot_sim.HTTPCommandsTests" time="0.001"/>
  <system-out><![CDATA[2024-02-17 12:03:56,811 INFO HTTPCmd /a: {action=off}
2024-02-17 12:03:56,812 INFO HTTPCmd /a: {action=on}
2024-02-17 12:03:56,813 INFO HTTPCmd /a: {xx=xx}
2024-02-17 12:03:56,815 INFO HTTPCmd /: {xx=xx}
2024-02-17 12:03:56,816 INFO HTTPCmd /a: {action=xx}
2024-02-17 12:03:56,817 INFO HTTPCmd /pepepe: {action=toggle}
2024-02-17 12:03:56,818 INFO HTTPCmd /a: {action=toggle}
]]></system-out>
  <system-err><![CDATA[]]></system-err>
</testsuite>
