<?xml version="1.0" encoding="UTF-8"?>
<testsuite name="ece448.iot_sim.PlugSimTests" tests="2" skipped="0" failures="0" errors="0" timestamp="2024-01-31T00:51:04" hostname="MSI" time="0.187">
  <properties/>
  <testcase name="testInit" classname="ece448.iot_sim.PlugSimTests" time="0.187"/>
  <testcase name="testSwitchOn" classname="ece448.iot_sim.PlugSimTests" time="0.0"/>
  <system-out><![CDATA[]]></system-out>
  <system-err><![CDATA[]]></system-err>
</testsuite>
