<?xml version="1.0" encoding="UTF-8"?>
<testsuite name="ece448.iot_hub.PlugStatesTest" tests="5" skipped="0" failures="0" errors="0" timestamp="2024-04-08T01:41:56" hostname="MSI" time="0.002">
  <properties/>
  <testcase name="testUpdatePower" classname="ece448.iot_hub.PlugStatesTest" time="0.0"/>
  <testcase name="testUpdateState" classname="ece448.iot_hub.PlugStatesTest" time="0.001"/>
  <testcase name="testGetPlugJSON" classname="ece448.iot_hub.PlugStatesTest" time="0.0"/>
  <testcase name="testRemovePlug" classname="ece448.iot_hub.PlugStatesTest" time="0.001"/>
  <testcase name="testGetAllPlugsJSON" classname="ece448.iot_hub.PlugStatesTest" time="0.0"/>
  <system-out><![CDATA[2024-04-07 20:41:56,752 INFO POWER CALLED
2024-04-07 20:41:56,753 INFO STATE CALLED
2024-04-07 20:41:56,754 INFO STATE CALLED
2024-04-07 20:41:56,754 INFO POWER CALLED
2024-04-07 20:41:56,754 INFO STATE CALLED
2024-04-07 20:41:56,754 INFO STATE CALLED
2024-04-07 20:41:56,755 INFO POWER CALLED
2024-04-07 20:41:56,755 INFO STATE CALLED
2024-04-07 20:41:56,755 INFO POWER CALLED
]]></system-out>
  <system-err><![CDATA[]]></system-err>
</testsuite>
