<?xml version="1.0" encoding="UTF-8"?>
<testsuite name="ece448.iot_hub.PlugStatesTest" tests="5" skipped="0" failures="0" errors="0" timestamp="2024-04-27T23:11:18" hostname="MSI" time="0.011">
  <properties/>
  <testcase name="testUpdatePower" classname="ece448.iot_hub.PlugStatesTest" time="0.002"/>
  <testcase name="testUpdateState" classname="ece448.iot_hub.PlugStatesTest" time="0.002"/>
  <testcase name="testGetPlugJSON" classname="ece448.iot_hub.PlugStatesTest" time="0.002"/>
  <testcase name="testRemovePlug" classname="ece448.iot_hub.PlugStatesTest" time="0.001"/>
  <testcase name="testGetAllPlugsJSON" classname="ece448.iot_hub.PlugStatesTest" time="0.004"/>
  <system-out><![CDATA[2024-04-27 18:11:18,414 INFO POWER CALLED
2024-04-27 18:11:18,416 INFO STATE CALLED
2024-04-27 18:11:18,418 INFO STATE CALLED
2024-04-27 18:11:18,418 INFO POWER CALLED
2024-04-27 18:11:18,420 INFO STATE CALLED
2024-04-27 18:11:18,421 INFO STATE CALLED
2024-04-27 18:11:18,422 INFO POWER CALLED
2024-04-27 18:11:18,423 INFO STATE CALLED
2024-04-27 18:11:18,424 INFO POWER CALLED
]]></system-out>
  <system-err><![CDATA[]]></system-err>
</testsuite>
