<?xml version="1.0" encoding="UTF-8"?>
<testsuite name="ece448.iot_sim.MqttCommandsTests" tests="4" skipped="0" failures="0" errors="0" timestamp="2024-03-10T01:21:07" hostname="MSI" time="0.066">
  <properties/>
  <testcase name="testOff" classname="ece448.iot_sim.MqttCommandsTests" time="0.063"/>
  <testcase name="testTopic" classname="ece448.iot_sim.MqttCommandsTests" time="0.0"/>
  <testcase name="testOn" classname="ece448.iot_sim.MqttCommandsTests" time="0.001"/>
  <testcase name="testToggle" classname="ece448.iot_sim.MqttCommandsTests" time="0.001"/>
  <system-out><![CDATA[2024-03-09 19:21:07,899 INFO Plug a: state off
2024-03-09 19:21:07,901 INFO Plug a: state on
2024-03-09 19:21:07,962 INFO MqttCmd sdfasf/a/off 
2024-03-09 19:21:07,962 INFO MqttCmd off a
2024-03-09 19:21:07,962 INFO Plug a: state off
2024-03-09 19:21:07,963 INFO Plug a: state off
2024-03-09 19:21:07,963 INFO Plug a: state off
2024-03-09 19:21:07,963 INFO Plug a: state off
2024-03-09 19:21:07,963 INFO MqttCmd sdfasf/a/on 
2024-03-09 19:21:07,964 INFO MqttCmd on a
2024-03-09 19:21:07,964 INFO Plug a: state on
2024-03-09 19:21:07,964 INFO Plug a: state off
2024-03-09 19:21:07,964 INFO Plug a: state on
2024-03-09 19:21:07,964 INFO MqttCmd sdfasf/a/toggle 
2024-03-09 19:21:07,965 INFO MqttCmd toggle a
2024-03-09 19:21:07,965 INFO Plug a: state off
]]></system-out>
  <system-err><![CDATA[]]></system-err>
</testsuite>
