<?xml version="1.0" encoding="UTF-8"?>
<testsuite name="ece448.iot_sim.HTTPCommandsTests" tests="7" skipped="0" failures="0" errors="0" timestamp="2024-04-08T01:41:56" hostname="MSI" time="0.02">
  <properties/>
  <testcase name="testOff" classname="ece448.iot_sim.HTTPCommandsTests" time="0.004"/>
  <testcase name="testON" classname="ece448.iot_sim.HTTPCommandsTests" time="0.002"/>
  <testcase name="testNullAction" classname="ece448.iot_sim.HTTPCommandsTests" time="0.001"/>
  <testcase name="testRootDir" classname="ece448.iot_sim.HTTPCommandsTests" time="0.004"/>
  <testcase name="testActionNoExist" classname="ece448.iot_sim.HTTPCommandsTests" time="0.003"/>
  <testcase name="testNoPLug" classname="ece448.iot_sim.HTTPCommandsTests" time="0.003"/>
  <testcase name="testToggel" classname="ece448.iot_sim.HTTPCommandsTests" time="0.002"/>
  <system-out><![CDATA[2024-04-07 20:41:56,691 INFO Plug a: state off
2024-04-07 20:41:56,692 INFO Plug a: state on
2024-04-07 20:41:56,693 INFO HTTPCmd /a: {action=off}
2024-04-07 20:41:56,694 INFO Plug a: state off
2024-04-07 20:41:56,694 INFO Plug a: state off
2024-04-07 20:41:56,695 INFO Plug a: state off
2024-04-07 20:41:56,695 INFO HTTPCmd /a: {action=on}
2024-04-07 20:41:56,695 INFO Plug a: state on
2024-04-07 20:41:56,696 INFO Plug a: state off
2024-04-07 20:41:56,696 INFO HTTPCmd /a: {xx=xx}
2024-04-07 20:41:56,697 INFO Plug a: state off
2024-04-07 20:41:56,699 INFO HTTPCmd /: {xx=xx}
2024-04-07 20:41:56,703 INFO Plug a: state off
2024-04-07 20:41:56,704 INFO HTTPCmd /a: {action=xx}
2024-04-07 20:41:56,705 INFO Plug a: state off
2024-04-07 20:41:56,707 INFO HTTPCmd /pepepe: {action=toggle}
2024-04-07 20:41:56,708 INFO Plug a: state off
2024-04-07 20:41:56,709 INFO Plug a: state on
2024-04-07 20:41:56,709 INFO HTTPCmd /a: {action=toggle}
2024-04-07 20:41:56,709 INFO Plug a: state off
]]></system-out>
  <system-err><![CDATA[]]></system-err>
</testsuite>
