<?xml version="1.0" encoding="UTF-8"?>
<testsuite name="ece448.iot_sim.MqttCommandsTests" tests="4" skipped="0" failures="0" errors="0" timestamp="2024-03-09T03:50:06" hostname="MSI" time="1.255">
  <properties/>
  <testcase name="testOff" classname="ece448.iot_sim.MqttCommandsTests" time="0.323"/>
  <testcase name="testTopic" classname="ece448.iot_sim.MqttCommandsTests" time="0.311"/>
  <testcase name="testOn" classname="ece448.iot_sim.MqttCommandsTests" time="0.308"/>
  <testcase name="testToggle" classname="ece448.iot_sim.MqttCommandsTests" time="0.311"/>
  <system-out><![CDATA[2024-03-08 21:50:06,775 INFO Plug a: state off
2024-03-08 21:50:06,781 INFO Plug a: state on
2024-03-08 21:50:06,784 INFO MqttCmd sdfasf/a/off 
2024-03-08 21:50:06,786 INFO MqttCmd off a
2024-03-08 21:50:06,787 INFO Plug a: state off
2024-03-08 21:50:07,098 INFO Plug a: state off
2024-03-08 21:50:07,407 INFO Plug a: state off
2024-03-08 21:50:07,407 INFO Plug a: state off
2024-03-08 21:50:07,408 INFO MqttCmd sdfasf/a/on 
2024-03-08 21:50:07,408 INFO MqttCmd on a
2024-03-08 21:50:07,408 INFO Plug a: state on
2024-03-08 21:50:07,714 INFO Plug a: state off
2024-03-08 21:50:07,716 INFO Plug a: state on
2024-03-08 21:50:07,717 INFO MqttCmd sdfasf/a/toggle 
2024-03-08 21:50:07,718 INFO MqttCmd toggle a
2024-03-08 21:50:07,719 INFO Plug a: state off
]]></system-out>
  <system-err><![CDATA[]]></system-err>
</testsuite>
