<?xml version="1.0" encoding="UTF-8"?>
<testsuite name="ece448.iot_sim.PlugSimTests" tests="7" skipped="0" failures="0" errors="0" timestamp="2024-05-01T22:24:39" hostname="MSI" time="1.071">
  <properties/>
  <testcase name="testSwitchOff" classname="ece448.iot_sim.PlugSimTests" time="1.023"/>
  <testcase name="testUpdatePower" classname="ece448.iot_sim.PlugSimTests" time="0.007"/>
  <testcase name="testInit" classname="ece448.iot_sim.PlugSimTests" time="0.002"/>
  <testcase name="testGetName" classname="ece448.iot_sim.PlugSimTests" time="0.002"/>
  <testcase name="testMesurePower" classname="ece448.iot_sim.PlugSimTests" time="0.024"/>
  <testcase name="testSwitchOn" classname="ece448.iot_sim.PlugSimTests" time="0.004"/>
  <testcase name="testToggle" classname="ece448.iot_sim.PlugSimTests" time="0.007"/>
  <system-out><![CDATA[

2024-05-01 17:24:40,044 INFO Plug a: state on

2024-05-01 17:24:40,057 INFO Plug a: state off



2024-05-01 17:24:40,061 INFO Plug a: power 3.0

2024-05-01 17:24:40,065 INFO Plug a: power 5.0







2024-05-01 17:24:40,074 INFO Plug a.1: state on


2024-05-01 17:24:40,077 INFO Plug a.1: power 99.0

2024-05-01 17:24:40,079 INFO Plug a.1: power 1.0

2024-05-01 17:24:40,080 INFO Plug a: state off

2024-05-01 17:24:40,081 INFO Plug a: power 1.0

2024-05-01 17:24:40,083 INFO Plug a: power 0.0

2024-05-01 17:24:40,086 INFO Plug a: state on

2024-05-01 17:24:40,088 INFO Plug a: power 1.0

2024-05-01 17:24:40,091 INFO Plug a: power 74.08781907032909

2024-05-01 17:24:40,092 INFO Plug a: state on

2024-05-01 17:24:40,093 INFO Plug a: power 400.0

2024-05-01 17:24:40,094 INFO Plug a: power 358.9919188507798

2024-05-01 17:24:40,094 INFO Plug a: state on

2024-05-01 17:24:40,095 INFO Plug a: power 200.0

2024-05-01 17:24:40,096 INFO Plug a: power 188.30859365238868



2024-05-01 17:24:40,098 INFO Plug a: state on



2024-05-01 17:24:40,103 INFO Plug a: state on

2024-05-01 17:24:40,105 INFO Plug a: state off

]]></system-out>
  <system-err><![CDATA[]]></system-err>
</testsuite>
